c:\users\kawa\documents\visual studio 2015\projects\projectspecialk\x64\debug\vc140.pdb
c:\users\kawa\documents\visual studio 2015\projects\projectspecialk\x64\debug\vc140.idb
c:\users\kawa\documents\visual studio 2015\projects\projectspecialk\x64\debug\database.obj
c:\users\kawa\documents\visual studio 2015\projects\projectspecialk\x64\debug\text.obj
c:\users\kawa\documents\visual studio 2015\projects\projectspecialk\x64\debug\vfs.obj
c:\users\kawa\documents\visual studio 2015\projects\projectspecialk\x64\debug\item.obj
c:\users\kawa\documents\visual studio 2015\projects\projectspecialk\x64\debug\species.obj
c:\users\kawa\documents\visual studio 2015\projects\projectspecialk\x64\debug\player.obj
c:\users\kawa\documents\visual studio 2015\projects\projectspecialk\x64\debug\main.obj
c:\users\kawa\documents\visual studio 2015\projects\projectspecialk\x64\debug\traits.obj
c:\users\kawa\documents\visual studio 2015\projects\projectspecialk\x64\debug\jsonpatch.obj
c:\users\kawa\documents\visual studio 2015\projects\projectspecialk\x64\debug\format.obj
c:\users\kawa\documents\visual studio 2015\projects\projectspecialk\x64\debug\json.obj
c:\users\kawa\documents\visual studio 2015\projects\projectspecialk\x64\debug\jsonvalue.obj
c:\users\kawa\documents\visual studio 2015\projects\projectspecialk\x64\debug\stb_image.obj
c:\users\kawa\documents\visual studio 2015\projects\projectspecialk\x64\debug\villager.obj
c:\users\kawa\documents\visual studio 2015\projects\projectspecialk\x64\debug\glad.obj
c:\users\kawa\documents\visual studio 2015\projects\projectspecialk\x64\debug\miniz.obj
c:\users\kawa\documents\visual studio 2015\projects\projectspecialk\x64\debug\stb_image_write.obj
c:\users\kawa\documents\visual studio 2015\projects\projectspecialk\x64\debug\projectspecialk.pdb
c:\users\kawa\documents\visual studio 2015\projects\projectspecialk\x64\debug\projectspecialk.tlog\cl.command.1.tlog
c:\users\kawa\documents\visual studio 2015\projects\projectspecialk\x64\debug\projectspecialk.tlog\cl.read.1.tlog
c:\users\kawa\documents\visual studio 2015\projects\projectspecialk\x64\debug\projectspecialk.tlog\cl.write.1.tlog
c:\users\kawa\documents\visual studio 2015\projects\projectspecialk\x64\debug\projectspecialk.tlog\link.1468-cvtres.read.1.tlog
c:\users\kawa\documents\visual studio 2015\projects\projectspecialk\x64\debug\projectspecialk.tlog\link.1468-cvtres.write.1.tlog
c:\users\kawa\documents\visual studio 2015\projects\projectspecialk\x64\debug\projectspecialk.tlog\link.1468-rc.read.1.tlog
c:\users\kawa\documents\visual studio 2015\projects\projectspecialk\x64\debug\projectspecialk.tlog\link.1468-rc.write.1.tlog
c:\users\kawa\documents\visual studio 2015\projects\projectspecialk\x64\debug\projectspecialk.tlog\link.1468.read.1.tlog
c:\users\kawa\documents\visual studio 2015\projects\projectspecialk\x64\debug\projectspecialk.tlog\link.1468.write.1.tlog
c:\users\kawa\documents\visual studio 2015\projects\projectspecialk\x64\debug\projectspecialk.tlog\link.command.1.tlog
c:\users\kawa\documents\visual studio 2015\projects\projectspecialk\x64\debug\projectspecialk.tlog\link.read.1.tlog
c:\users\kawa\documents\visual studio 2015\projects\projectspecialk\x64\debug\projectspecialk.tlog\link.write.1.tlog
