  Database.cpp
  Item.cpp
  JsonPatch.cpp
  main.cpp
  Player.cpp
  Species.cpp
  format.cc
  JSON.cpp
  JSONValue.cpp
  stb_image.cpp
  stb_image_write.cpp
  Text.cpp
  Traits.cpp
  VFS.cpp
  Villager.cpp
  glad.c
  miniz.c
  Generating code
  1082 of 4194 functions (25.8%) were compiled, the rest were copied from previous compilation.
    247 functions were new in current compilation
    282 functions had inline decision re-evaluated but remain unchanged
  Finished generating code
  ProjectSpecialK.vcxproj -> C:\Users\Kawa\Documents\Visual Studio 2015\Projects\ProjectSpecialK\x64\Release\ProjectSpecialK.exe
  ProjectSpecialK.vcxproj -> C:\Users\Kawa\Documents\Visual Studio 2015\Projects\ProjectSpecialK\x64\Release\ProjectSpecialK.pdb (Full PDB)
